\BOOKMARK [1][-]{section.1}{Netzaufbau}{}% 1
\BOOKMARK [2][-]{subsection.1.1}{Ger\344tezuteilung}{section.1}% 2
\BOOKMARK [2][-]{subsection.1.2}{IP-Planung}{section.1}% 3
\BOOKMARK [3][-]{subsubsection.1.2.1}{Verbindungen}{subsection.1.2}% 4
\BOOKMARK [3][-]{subsubsection.1.2.2}{Router-Interfaces}{subsection.1.2}% 5
\BOOKMARK [3][-]{subsubsection.1.2.3}{PCs}{subsection.1.2}% 6
\BOOKMARK [2][-]{subsection.1.3}{Switchports festlegen}{section.1}% 7
\BOOKMARK [2][-]{subsection.1.4}{Grundkonfiguration}{section.1}% 8
\BOOKMARK [3][-]{subsubsection.1.4.1}{R1}{subsection.1.4}% 9
\BOOKMARK [3][-]{subsubsection.1.4.2}{R2}{subsection.1.4}% 10
\BOOKMARK [3][-]{subsubsection.1.4.3}{R3}{subsection.1.4}% 11
\BOOKMARK [3][-]{subsubsection.1.4.4}{R4}{subsection.1.4}% 12
\BOOKMARK [1][-]{section.2}{EIGRP}{}% 13
\BOOKMARK [2][-]{subsection.2.1}{Konfiguration}{section.2}% 14
\BOOKMARK [3][-]{subsubsection.2.1.1}{R1}{subsection.2.1}% 15
\BOOKMARK [3][-]{subsubsection.2.1.2}{R2}{subsection.2.1}% 16
\BOOKMARK [3][-]{subsubsection.2.1.3}{R3}{subsection.2.1}% 17
\BOOKMARK [3][-]{subsubsection.2.1.4}{R4}{subsection.2.1}% 18
\BOOKMARK [2][-]{subsection.2.2}{\334berpr\374fung}{section.2}% 19
\BOOKMARK [1][-]{section.3}{NAT}{}% 20
\BOOKMARK [2][-]{subsection.3.1}{Grundkonfiguration}{section.3}% 21
\BOOKMARK [3][-]{subsubsection.3.1.1}{\334berpr\374fung}{subsection.3.1}% 22
\BOOKMARK [2][-]{subsection.3.2}{Port Forwarding}{section.3}% 23
\BOOKMARK [3][-]{subsubsection.3.2.1}{\334berpr\374fung}{subsection.3.2}% 24
\BOOKMARK [2][-]{subsection.3.3}{\334berpr\374fung}{section.3}% 25
\BOOKMARK [1][-]{section.4}{HSRP/VRRP}{}% 26
\BOOKMARK [2][-]{subsection.4.1}{HSRP}{section.4}% 27
\BOOKMARK [3][-]{subsubsection.4.1.1}{Grundkonfiguration}{subsection.4.1}% 28
\BOOKMARK [3][-]{subsubsection.4.1.2}{Object Tracking}{subsection.4.1}% 29
\BOOKMARK [2][-]{subsection.4.2}{VRRP}{section.4}% 30
\BOOKMARK [3][-]{subsubsection.4.2.1}{Konfiguration}{subsection.4.2}% 31
